{"/Users/tucker/Documents/Workspace/ReactJS/bookshelf/client/src/App/App.js": {"path":"/Users/tucker/Documents/Workspace/ReactJS/bookshelf/client/src/App/App.js","statementMap":{"0":{"start":{"line":9,"column":18},"end":{"line":16,"column":3}},"1":{"start":{"line":9,"column":39},"end":{"line":16,"column":1}},"2":{"start":{"line":19,"column":18},"end":{"line":19,"column":29}},"3":{"start":{"line":20,"column":28},"end":{"line":20,"column":45}},"4":{"start":{"line":23,"column":4},"end":{"line":23,"column":23}},"5":{"start":{"line":26,"column":2},"end":{"line":57,"column":4}},"6":{"start":{"line":40,"column":27},"end":{"line":40,"column":47}},"7":{"start":{"line":45,"column":27},"end":{"line":45,"column":47}}},"fnMap":{"0":{"name":"(anonymous_0)","decl":{"start":{"line":9,"column":29},"end":{"line":9,"column":30}},"loc":{"start":{"line":9,"column":39},"end":{"line":16,"column":1}},"line":9},"1":{"name":"App","decl":{"start":{"line":18,"column":24},"end":{"line":18,"column":27}},"loc":{"start":{"line":18,"column":30},"end":{"line":58,"column":1}},"line":18},"2":{"name":"handleChangeIndex","decl":{"start":{"line":22,"column":11},"end":{"line":22,"column":28}},"loc":{"start":{"line":22,"column":39},"end":{"line":24,"column":3}},"line":22},"3":{"name":"(anonymous_3)","decl":{"start":{"line":40,"column":21},"end":{"line":40,"column":22}},"loc":{"start":{"line":40,"column":27},"end":{"line":40,"column":47}},"line":40},"4":{"name":"(anonymous_4)","decl":{"start":{"line":45,"column":21},"end":{"line":45,"column":22}},"loc":{"start":{"line":45,"column":27},"end":{"line":45,"column":47}},"line":45}},"branchMap":{},"s":{"0":0,"1":0,"2":0,"3":0,"4":0,"5":0,"6":0,"7":0},"f":{"0":0,"1":0,"2":0,"3":0,"4":0},"b":{},"hash":"a12c08eeb96f80bba091dbaf8cbc3b05feccdaf5"}
,"/Users/tucker/Documents/Workspace/ReactJS/bookshelf/client/src/App/Search/Search.js": {"path":"/Users/tucker/Documents/Workspace/ReactJS/bookshelf/client/src/App/Search/Search.js","statementMap":{"0":{"start":{"line":4,"column":15},"end":{"line":6,"column":1}},"1":{"start":{"line":5,"column":2},"end":{"line":5,"column":23}}},"fnMap":{"0":{"name":"(anonymous_0)","decl":{"start":{"line":4,"column":15},"end":{"line":4,"column":16}},"loc":{"start":{"line":4,"column":21},"end":{"line":6,"column":1}},"line":4}},"branchMap":{},"s":{"0":0,"1":0},"f":{"0":0},"b":{},"hash":"3224efc4decf19f690cd274e3eff852a06fed826"}
,"/Users/tucker/Documents/Workspace/ReactJS/bookshelf/client/src/App/Search/SearchBar/SearchBar.js": {"path":"/Users/tucker/Documents/Workspace/ReactJS/bookshelf/client/src/App/Search/SearchBar/SearchBar.js","statementMap":{"0":{"start":{"line":8,"column":18},"end":{"line":14,"column":5}},"1":{"start":{"line":8,"column":39},"end":{"line":14,"column":3}},"2":{"start":{"line":17,"column":18},"end":{"line":17,"column":29}},"3":{"start":{"line":18,"column":44},"end":{"line":18,"column":62}},"4":{"start":{"line":20,"column":2},"end":{"line":43,"column":3}},"5":{"start":{"line":25,"column":31},"end":{"line":25,"column":67}}},"fnMap":{"0":{"name":"(anonymous_0)","decl":{"start":{"line":8,"column":29},"end":{"line":8,"column":30}},"loc":{"start":{"line":8,"column":39},"end":{"line":14,"column":3}},"line":8},"1":{"name":"SearchBar","decl":{"start":{"line":16,"column":24},"end":{"line":16,"column":33}},"loc":{"start":{"line":16,"column":36},"end":{"line":44,"column":1}},"line":16},"2":{"name":"(anonymous_2)","decl":{"start":{"line":25,"column":20},"end":{"line":25,"column":21}},"loc":{"start":{"line":25,"column":31},"end":{"line":25,"column":67}},"line":25}},"branchMap":{},"s":{"0":0,"1":0,"2":0,"3":0,"4":0,"5":0},"f":{"0":0,"1":0,"2":0},"b":{},"hash":"ac0fa636ae493c24a7cd6d6061e6574b05b6b2a6"}
}
