TN:
SF:/Users/tucker/Documents/Workspace/ReactJS/bookshelf/client/src/App/App.js
FN:9,(anonymous_0)
FN:18,App
FN:22,handleChangeIndex
FN:40,(anonymous_3)
FN:45,(anonymous_4)
FNF:5
FNH:0
FNDA:0,(anonymous_0)
FNDA:0,App
FNDA:0,handleChangeIndex
FNDA:0,(anonymous_3)
FNDA:0,(anonymous_4)
DA:9,0
DA:19,0
DA:20,0
DA:23,0
DA:26,0
DA:40,0
DA:45,0
LF:7
LH:0
BRF:0
BRH:0
end_of_record
TN:
SF:/Users/tucker/Documents/Workspace/ReactJS/bookshelf/client/src/App/Search/Search.js
FN:4,(anonymous_0)
FNF:1
FNH:0
FNDA:0,(anonymous_0)
DA:4,0
DA:5,0
LF:2
LH:0
BRF:0
BRH:0
end_of_record
TN:
SF:/Users/tucker/Documents/Workspace/ReactJS/bookshelf/client/src/App/Search/SearchBar/SearchBar.js
FN:8,(anonymous_0)
FN:16,SearchBar
FN:25,(anonymous_2)
FNF:3
FNH:0
FNDA:0,(anonymous_0)
FNDA:0,SearchBar
FNDA:0,(anonymous_2)
DA:8,0
DA:17,0
DA:18,0
DA:20,0
DA:25,0
LF:5
LH:0
BRF:0
BRH:0
end_of_record
